
> nexus-creator@0.1.0 dev
> next dev

▲ Next.js 16.2.6 (Turbopack)
- Local:         http://localhost:3000
- Network:       http://192.168.1.111:3000
- Environments: .env.local
✓ Ready in 322ms
{"level":"info","msg":"server.start","time":"2026-06-10T11:50:28.257Z","env":"development","runtime":"nodejs","node":"v24.15.0"}

 GET /community 200 in 544ms (next.js: 71ms, proxy.ts: 148ms, application-code: 325ms)
 GET /api/auth/session 200 in 779ms (next.js: 730ms, proxy.ts: 7ms, application-code: 42ms)
 GET /api/auth/session 200 in 25ms (next.js: 11ms, proxy.ts: 5ms, application-code: 10ms)
 GET /api/follow 200 in 754ms (next.js: 60ms, proxy.ts: 35ms, application-code: 660ms)
 GET /api/notifications 200 in 761ms (next.js: 59ms, proxy.ts: 11ms, application-code: 691ms)
 GET /api/user/profile 200 in 759ms (next.js: 147ms, proxy.ts: 36ms, application-code: 576ms)
 GET /api/groups 200 in 839ms (next.js: 124ms, proxy.ts: 36ms, application-code: 679ms)
 GET /api/team/accounts 200 in 886ms (next.js: 31ms, proxy.ts: 5ms, application-code: 851ms)
 GET /api/posts 200 in 929ms (next.js: 101ms, proxy.ts: 35ms, application-code: 792ms)
 GET /api/groups 401 in 26ms (next.js: 4ms, proxy.ts: 6ms, application-code: 16ms)
 GET /api/notifications 200 in 451ms (next.js: 3ms, proxy.ts: 5ms, application-code: 443ms)
 GET /api/notifications 200 in 520ms (next.js: 2ms, proxy.ts: 3ms, application-code: 515ms)
 GET /api/notifications 200 in 459ms (next.js: 4ms, proxy.ts: 5ms, application-code: 450ms)
 GET /api/notifications 200 in 513ms (next.js: 6ms, proxy.ts: 6ms, application-code: 501ms)
 GET /api/auth/session 200 in 35ms (next.js: 18ms, proxy.ts: 5ms, application-code: 12ms)
 GET /api/auth/session 200 in 19ms (next.js: 5ms, proxy.ts: 4ms, application-code: 10ms)
 GET /api/notifications 200 in 445ms (next.js: 2ms, proxy.ts: 4ms, application-code: 439ms)
 GET /api/notifications 200 in 444ms (next.js: 6ms, proxy.ts: 4ms, application-code: 434ms)
 GET /api/notifications 200 in 545ms (next.js: 4ms, proxy.ts: 8ms, application-code: 533ms)
 GET /api/notifications 200 in 458ms (next.js: 3ms, proxy.ts: 7ms, application-code: 448ms)
 GET /api/auth/session 200 in 35ms (next.js: 17ms, proxy.ts: 6ms, application-code: 12ms)
 GET /api/auth/session 200 in 21ms (next.js: 6ms, proxy.ts: 5ms, application-code: 10ms)
 POST /api/posts/cmphngbi7000dm0iu5q97ndk9/like 404 in 900ms (next.js: 731ms, proxy.ts: 4ms, application-code: 165ms)
 POST /api/posts/cmphngbi7000dm0iu5q97ndk9/like 404 in 280ms (next.js: 145ms, proxy.ts: 5ms, application-code: 131ms)
 POST /api/posts/cmphngbi7000dm0iu5q97ndk9/like 404 in 139ms (next.js: 30ms, proxy.ts: 15ms, application-code: 95ms)
 POST /api/posts/cmpe7jefj001yt4iu1e0i2tdx/like 404 in 89ms (next.js: 13ms, proxy.ts: 7ms, application-code: 70ms)
 GET /store 200 in 73ms (next.js: 37ms, proxy.ts: 7ms, application-code: 29ms)
 GET /campaigns 200 in 57ms (next.js: 29ms, proxy.ts: 4ms, application-code: 24ms)
 GET /api/user/profile 200 in 614ms (next.js: 86ms, proxy.ts: 11ms, application-code: 517ms)
 GET /api/products 200 in 743ms (next.js: 40ms, proxy.ts: 11ms, application-code: 692ms)
 GET /api/orders 200 in 821ms (next.js: 79ms, proxy.ts: 11ms, application-code: 731ms)
 GET /api/campaigns 200 in 262ms (next.js: 40ms, proxy.ts: 5ms, application-code: 217ms)
 GET /api/products 200 in 209ms (next.js: 5ms, proxy.ts: 6ms, application-code: 199ms)
 GET /api/user/profile 200 in 493ms (next.js: 4ms, proxy.ts: 9ms, application-code: 479ms)
 GET /api/campaigns 200 in 202ms (next.js: 3ms, proxy.ts: 7ms, application-code: 192ms)
 GET /api/orders 200 in 561ms (next.js: 3ms, proxy.ts: 5ms, application-code: 554ms)
 GET /portfolio 200 in 58ms (next.js: 29ms, proxy.ts: 6ms, application-code: 23ms)
 GET /api/portfolio 200 in 366ms (next.js: 38ms, proxy.ts: 5ms, application-code: 322ms)
 GET /api/portfolio 200 in 249ms (next.js: 3ms, proxy.ts: 8ms, application-code: 238ms)
 GET /api/canvas-templates?limit=20 200 in 309ms (next.js: 37ms, proxy.ts: 3ms, application-code: 268ms)
 GET /api/notifications 200 in 113ms (next.js: 3ms, proxy.ts: 6ms, application-code: 103ms)
 GET /api/canvas-templates?limit=20 200 in 278ms (next.js: 4ms, proxy.ts: 5ms, application-code: 269ms)
 GET /dashboard 200 in 74ms (next.js: 35ms, proxy.ts: 6ms, application-code: 34ms)
 GET /api/dashboard 200 in 505ms (next.js: 38ms, proxy.ts: 5ms, application-code: 462ms)
 GET /api/dashboard 200 in 295ms (next.js: 3ms, proxy.ts: 6ms, application-code: 286ms)
 GET /community 200 in 72ms (next.js: 5ms, proxy.ts: 14ms, application-code: 53ms)
 GET /api/follow 200 in 145ms (next.js: 22ms, proxy.ts: 15ms, application-code: 108ms)
 GET /api/user/profile 200 in 148ms (next.js: 18ms, proxy.ts: 16ms, application-code: 115ms)
 GET /api/groups 200 in 239ms (next.js: 14ms, proxy.ts: 15ms, application-code: 209ms)
 GET /api/user/profile 200 in 111ms (next.js: 7ms, proxy.ts: 5ms, application-code: 99ms)
 GET /api/follow 200 in 129ms (next.js: 4ms, proxy.ts: 5ms, application-code: 120ms)
 GET /api/posts 200 in 326ms (next.js: 10ms, proxy.ts: 16ms, application-code: 300ms)
 GET /api/groups 200 in 211ms (next.js: 5ms, proxy.ts: 6ms, application-code: 199ms)
 GET /api/posts 200 in 299ms (next.js: 5ms, proxy.ts: 7ms, application-code: 287ms)
 GET /analytics 200 in 69ms (next.js: 39ms, proxy.ts: 7ms, application-code: 23ms)
 GET /api/analytics 200 in 341ms (next.js: 36ms, proxy.ts: 5ms, application-code: 300ms)
 GET /api/analytics 200 in 294ms (next.js: 1731µs, proxy.ts: 4ms, application-code: 288ms)
 GET /subscriptions 200 in 73ms (next.js: 37ms, proxy.ts: 7ms, application-code: 29ms)
 GET /api/subscriptions?role=creator 200 in 289ms (next.js: 74ms, proxy.ts: 8ms, application-code: 207ms)
 GET /api/subscriptions?role=subscriber 200 in 294ms (next.js: 80ms, proxy.ts: 8ms, application-code: 206ms)
 GET /api/subscriptions?role=creator 200 in 212ms (next.js: 7ms, proxy.ts: 11ms, application-code: 193ms)
 GET /api/subscriptions?role=subscriber 200 in 209ms (next.js: 9ms, proxy.ts: 7ms, application-code: 193ms)
 GET /orders 200 in 66ms (next.js: 37ms, proxy.ts: 7ms, application-code: 23ms)
 GET /api/orders/my 200 in 334ms (next.js: 36ms, proxy.ts: 5ms, application-code: 293ms)
 GET /api/orders/my 200 in 323ms (next.js: 6ms, proxy.ts: 21ms, application-code: 295ms)
 GET /wishlist 200 in 725ms (next.js: 693ms, proxy.ts: 6ms, application-code: 25ms)
 GET /api/wishlist?detailed=1 200 in 506ms (next.js: 197ms, proxy.ts: 6ms, application-code: 302ms)
 GET /api/wishlist?detailed=1 200 in 302ms (next.js: 4ms, proxy.ts: 5ms, application-code: 293ms)
 GET /team 200 in 663ms (next.js: 632ms, proxy.ts: 6ms, application-code: 24ms)
 GET /api/team 200 in 490ms (next.js: 299ms, proxy.ts: 5ms, application-code: 187ms)
 GET /api/team 200 in 215ms (next.js: 4ms, proxy.ts: 7ms, application-code: 205ms)
 GET /api/notifications 200 in 115ms (next.js: 3ms, proxy.ts: 5ms, application-code: 108ms)
 GET /api/notifications 200 in 519ms (next.js: 4ms, proxy.ts: 8ms, application-code: 507ms)
 GET /api/auth/session 200 in 50ms (next.js: 29ms, proxy.ts: 6ms, application-code: 15ms)
 GET /api/auth/session 200 in 18ms (next.js: 6ms, proxy.ts: 4ms, application-code: 9ms)
 GET /api/notifications 200 in 501ms (next.js: 4ms, proxy.ts: 6ms, application-code: 490ms)
 GET /api/notifications 200 in 480ms (next.js: 2ms, proxy.ts: 3ms, application-code: 475ms)
 GET /api/notifications 200 in 552ms (next.js: 4ms, proxy.ts: 7ms, application-code: 541ms)
 GET /api/notifications 200 in 533ms (next.js: 1604µs, proxy.ts: 2ms, application-code: 529ms)
 GET /api/notifications 200 in 450ms (next.js: 2ms, proxy.ts: 3ms, application-code: 445ms)
 GET /api/notifications 200 in 431ms (next.js: 3ms, proxy.ts: 4ms, application-code: 424ms)
